commit 96f725b0e346675c630dff060a173ea10f23fb4c
Author: Asu AYDURAN <aaydur1@teaching.CS.McGill.CA>
Date:   Mon Nov 25 19:17:27 2019 -0500

    Final version

commit 0c77c5f15a57509aa9033c1e1c2a2d25b600b60a
Author: Asu AYDURAN <aaydur1@teaching.CS.McGill.CA>
Date:   Mon Nov 25 19:03:42 2019 -0500

    Final Version

commit b1092040c96363dd8d1c27f57b2fd3ff664b870f
Author: Asu AYDURAN <aaydur1@teaching.CS.McGill.CA>
Date:   Mon Nov 24 22:05:07 2019 -0500

    Final Version

commit 4572890934e9a544d59bd020e3465ac5a2fdcf2d
Author: Asu AYDURAN <aaydur1@teaching.CS.McGill.CA>
Date:   Sun Nov 23 20:41:23 2019 -0500

    Version 2

commit 301e613a8f191886045ee649d5c6e798905a75f3
Author: Asu AYDURAN <aaydur1@teaching.CS.McGill.CA>
Date:   Sun Nov 22 18:30:56 2019 -0500

    Version 2

commit aa808bf6f6c2474f436f0919afaaf3e0c2e80916
Author: Asu AYDURAN <aaydur1@teaching.CS.McGill.CA>
Date:   Sun Nov 22 16:37:31 2019 -0500

    V2

commit 4304b9cef2482a20b6f9e3de69ca80b444bc2712
Author: Asu AYDURAN <aaydur1@teaching.CS.McGill.CA>
Date:   Sat Nov 21 23:53:24 2019 -0500

    V1
